<?xml version="1.0" encoding="UTF-8"?>
<!-- Generated by org.testng.reporters.JUnitReportReporter -->
<testsuite hostname="LAPTOP-N2IHQMVN" failures="0" tests="1" name="NewTest" time="0.011" errors="0" timestamp="2025-06-25T18:10:54 IST" skipped="0">
  <testcase classname="NewTest" name="f" time="0.011"/>
</testsuite> <!-- NewTest -->
